2026-02-16T18:12:42Z [INFO] [state] Initialized research state | project=constructsure workspace=problem hypotheses=6
2026-02-16T18:12:42Z [INFO] [state] Initialized pipeline state | project=constructsure workspace=problem
2026-02-16T18:12:42Z [INFO] [state] Pipeline step updated | step=research status=in_progress
2026-02-16T18:13:56Z [INFO] [engine] Prompts added | round=1 model=sonar-deep-research count=4
2026-02-16T18:14:02Z [ERROR] [client] PERPLEXITY_API_KEY not set | hint=Create {project}/.env with PERPLEXITY_API_KEY=pplx-...
2026-02-16T18:14:19Z [INFO] [client] Loaded project .env | path=/Users/chrisroberts/Projects/constructsure/.env
2026-02-16T18:14:19Z [INFO] [engine] Running round | round=1 model=sonar-deep-research count=4 workers=4
2026-02-16T18:14:19Z [INFO] [client] Submitting prompt | model=sonar-deep-research preview=# Problem Research: ConstructSure  ## Hypotheses Under Investigation  We've extracted the following ...
2026-02-16T18:14:19Z [INFO] [client] Submitting prompt | model=sonar-deep-research preview=# Problem Research: ConstructSure  ## Hypotheses Under Investigation  We've extracted the following ...
2026-02-16T18:14:19Z [INFO] [client] Submitting prompt | model=sonar-deep-research preview=# Problem Research: ConstructSure  ## Hypotheses Under Investigation  We've extracted the following ...
2026-02-16T18:14:19Z [INFO] [client] Submitting prompt | model=sonar-deep-research preview=# Problem Research: ConstructSure  ## Hypotheses Under Investigation  We've extracted the following ...
2026-02-16T18:16:57Z [INFO] [client] Prompt completed | response_id=2a47dcfa-f4be-4dca-971e-bcab7716f0cc tokens=9964
2026-02-16T18:16:57Z [INFO] [parser] Parsed response | response_id=2a47dcfa-f4be-4dca-971e-bcab7716f0cc report_length=52249 citations=60 search_results=60 tokens=9964
2026-02-16T18:16:57Z [INFO] [parser] Results saved | prompt_id=current-solutions md_path=/Users/chrisroberts/Projects/constructsure/research/problem/round-01/current-solutions.md json_path=/Users/chrisroberts/Projects/constructsure/research/problem/round-01/current-solutions.json
2026-02-16T18:16:57Z [INFO] [engine] Prompt completed | prompt_id=current-solutions citations=60 elapsed_seconds=158.3 tokens=9964
2026-02-16T18:17:07Z [INFO] [client] Prompt completed | response_id=b547e0ae-2ece-4f30-bd9e-69cad265a61e tokens=9420
2026-02-16T18:17:07Z [INFO] [parser] Parsed response | response_id=b547e0ae-2ece-4f30-bd9e-69cad265a61e report_length=50372 citations=60 search_results=60 tokens=9420
2026-02-16T18:17:07Z [INFO] [parser] Results saved | prompt_id=prevalence md_path=/Users/chrisroberts/Projects/constructsure/research/problem/round-01/prevalence.md json_path=/Users/chrisroberts/Projects/constructsure/research/problem/round-01/prevalence.json
2026-02-16T18:17:07Z [INFO] [engine] Prompt completed | prompt_id=prevalence citations=60 elapsed_seconds=167.9 tokens=9420
2026-02-16T18:17:07Z [INFO] [client] Prompt completed | response_id=aa67ca69-4e92-47c7-909b-1031830cc256 tokens=9688
2026-02-16T18:17:07Z [INFO] [parser] Parsed response | response_id=aa67ca69-4e92-47c7-909b-1031830cc256 report_length=50918 citations=60 search_results=60 tokens=9688
2026-02-16T18:17:07Z [INFO] [parser] Results saved | prompt_id=severity md_path=/Users/chrisroberts/Projects/constructsure/research/problem/round-01/severity.md json_path=/Users/chrisroberts/Projects/constructsure/research/problem/round-01/severity.json
2026-02-16T18:17:07Z [INFO] [engine] Prompt completed | prompt_id=severity citations=60 elapsed_seconds=168.8 tokens=9688
2026-02-16T18:17:15Z [INFO] [client] Prompt completed | response_id=de22cfa0-d24a-4f5a-bb33-955fd76a0c19 tokens=9937
2026-02-16T18:17:15Z [INFO] [parser] Parsed response | response_id=de22cfa0-d24a-4f5a-bb33-955fd76a0c19 report_length=49341 citations=46 search_results=46 tokens=9937
2026-02-16T18:17:15Z [INFO] [parser] Results saved | prompt_id=customer-voice md_path=/Users/chrisroberts/Projects/constructsure/research/problem/round-01/customer-voice.md json_path=/Users/chrisroberts/Projects/constructsure/research/problem/round-01/customer-voice.json
2026-02-16T18:17:15Z [INFO] [engine] Prompt completed | prompt_id=customer-voice citations=46 elapsed_seconds=176.0 tokens=9937
2026-02-16T18:17:15Z [INFO] [engine] Round complete | round=1 wall_clock_seconds=176.0
